************* Module brax.tools.mujoco
brax/tools/mujoco.py:183:4: E1101: Instance of 'Config' has no 'gravity' member (no-member)
brax/tools/mujoco.py:325:19: E1101: Instance of 'Config' has no 'bodies' member (no-member)
brax/tools/mujoco.py:326:11: E1101: Instance of 'Config' has no 'bodies' member (no-member)
brax/tools/mujoco.py:356:6: E1101: Instance of 'Config' has no 'bodies' member (no-member)
brax/tools/mujoco.py:362:6: E1101: Instance of 'Config' has no 'joints' member (no-member)
brax/tools/mujoco.py:376:23: E1101: Instance of 'Config' has no 'bodies' member (no-member)
brax/tools/mujoco.py:383:6: E1101: Instance of 'Config' has no 'joints' member (no-member)
brax/tools/mujoco.py:431:6: E1101: Instance of 'Config' has no 'joints' member (no-member)
brax/tools/mujoco.py:446:6: E1101: Instance of 'Config' has no 'actuators' member (no-member)
brax/tools/mujoco.py:455:21: E1101: Instance of 'Config' has no 'bodies' member (no-member)
brax/tools/mujoco.py:457:14: E1101: Instance of 'Config' has no 'bodies' member (no-member)
brax/tools/mujoco.py:460:16: E1101: Instance of 'Config' has no 'bodies' member (no-member)
brax/tools/mujoco.py:475:15: E1101: Instance of 'Config' has no 'collide_include' member (no-member)
************* Module brax.training.networks
brax/training/networks.py:51:17: E1121: Too many positional arguments for function call (too-many-function-args)
************* Module brax.training.normalization
brax/training/normalization.py:27:16: E1101: Module 'jax' has no 'api' member (no-member)
************* Module brax.training.ppo
brax/training/ppo.py:232:16: E1120: No value for argument 'tree' in function call (no-value-for-parameter)
************* Module brax.training.distribution
brax/training/distribution.py:22:6: E1101: Module 'tensorflow_probability' has no 'substrates' member (no-member)
************* Module brax.training.es
brax/training/es.py:95:16: E1120: No value for argument 'tree' in function call (no-value-for-parameter)
************* Module brax.training.multiagent_ppo
brax/training/multiagent_ppo.py:281:16: E1120: No value for argument 'tree' in function call (no-value-for-parameter)
************* Module brax.training.sac
brax/training/sac.py:180:16: E1120: No value for argument 'tree' in function call (no-value-for-parameter)
brax/training/sac.py:331:31: E1101: Instance of 'Transition' has no 'replace' member (no-member)
************* Module brax.physics.tree
brax/physics/tree.py:106:21: E1101: Instance of 'Body' has no 'name' member (no-member)
brax/physics/tree.py:136:15: E1101: Instance of 'Body' has no 'colliders' member (no-member)
************* Module brax.physics.actuators
brax/physics/actuators.py:86:55: E1101: Instance of 'Field' has no 'bodies' member (no-member)
************* Module brax.physics.joints
brax/physics/joints.py:156:55: E1101: Instance of 'Field' has no 'bodies' member (no-member)
brax/physics/joints.py:157:55: E1101: Instance of 'Field' has no 'bodies' member (no-member)
************* Module brax.physics.colliders
brax/physics/colliders.py:427:6: E1101: Instance of 'Body' has no 'colliders' member (no-member)
brax/physics/colliders.py:484:26: E1130: bad operand type for unary -: tuple (invalid-unary-operand-type)
brax/physics/colliders.py:553:32: E1130: bad operand type for unary -: tuple (invalid-unary-operand-type)
************* Module brax.physics.bodies
brax/physics/bodies.py:55:11: E1120: No value for argument 'tree' in function call (no-value-for-parameter)
************* Module brax.physics.system
brax/physics/system.py:86:11: E1120: No value for argument 'tree' in function call (no-value-for-parameter)
************* Module brax.envs.multiagent_env
brax/envs/multiagent_env.py:31:22: E0602: Undefined variable 'n_agents' (undefined-variable)
************* Module brax.envs.env
brax/envs/env.py:59:2: E0202: An attribute defined in brax.envs.env line 55 hides this method (method-hidden)
brax/envs/env.py:63:2: E0202: An attribute defined in brax.envs.env line 56 hides this method (method-hidden)
************* Module brax.tests.mujoco_test
brax/tests/mujoco_test.py:63:20: E1101: Instance of 'Config' has no 'bodies' member (no-member)
brax/tests/mujoco_test.py:64:20: E1101: Instance of 'Config' has no 'joints' member (no-member)
brax/tests/mujoco_test.py:65:20: E1101: Instance of 'Config' has no 'actuators' member (no-member)
brax/tests/mujoco_test.py:66:20: E1101: Instance of 'Config' has no 'collide_include' member (no-member)
